<?xml version="1.0" encoding="UTF-8"?>
<testng-results ignored="4" total="7" passed="3" failed="0" skipped="0">
  <reporter-output>
  </reporter-output>
  <suite started-at="2023-02-06T23:37:37 EET" name="Demo Test" finished-at="2023-02-06T23:38:32 EET" duration-ms="55678">
    <groups>
    </groups>
    <test started-at="2023-02-06T23:37:37 EET" name="Task Test" finished-at="2023-02-06T23:38:32 EET" duration-ms="55678">
      <class name="TestCases.OpenBraceletsPageTest">
        <test-method is-config="true" signature="initialization()[pri:0, instance:TestCases.OpenBraceletsPageTest@35d019a3]" started-at="2023-02-06T23:37:36 EET" name="initialization" finished-at="2023-02-06T23:37:37 EET" duration-ms="136" status="PASS">
          <reporter-output>
          </reporter-output>
        </test-method> <!-- initialization -->
        <test-method is-config="true" signature="setup()[pri:0, instance:TestCases.OpenBraceletsPageTest@35d019a3]" started-at="2023-02-06T23:37:37 EET" name="setup" finished-at="2023-02-06T23:37:50 EET" duration-ms="13275" status="PASS">
          <reporter-output>
          </reporter-output>
        </test-method> <!-- setup -->
        <test-method signature="braceletsPagIsOpened()[pri:1, instance:TestCases.OpenBraceletsPageTest@35d019a3]" started-at="2023-02-06T23:37:50 EET" name="braceletsPagIsOpened" finished-at="2023-02-06T23:37:53 EET" duration-ms="3498" status="PASS">
          <reporter-output>
          </reporter-output>
        </test-method> <!-- braceletsPagIsOpened -->
        <test-method is-config="true" signature="closeDriver()[pri:0, instance:TestCases.OpenBraceletsPageTest@35d019a3]" started-at="2023-02-06T23:37:53 EET" name="closeDriver" finished-at="2023-02-06T23:37:55 EET" duration-ms="1171" status="PASS">
          <reporter-output>
          </reporter-output>
        </test-method> <!-- closeDriver -->
        <test-method is-config="true" signature="teardown()[pri:0, instance:TestCases.OpenBraceletsPageTest@35d019a3]" started-at="2023-02-06T23:38:32 EET" name="teardown" finished-at="2023-02-06T23:38:33 EET" duration-ms="395" status="PASS">
          <reporter-output>
          </reporter-output>
        </test-method> <!-- teardown -->
      </class> <!-- TestCases.OpenBraceletsPageTest -->
      <class name="TestCases.SearchResultsTest">
        <test-method is-config="true" signature="setup()[pri:0, instance:TestCases.SearchResultsTest@2a65fe7c]" started-at="2023-02-06T23:37:55 EET" name="setup" finished-at="2023-02-06T23:38:05 EET" duration-ms="9939" status="PASS">
          <reporter-output>
          </reporter-output>
        </test-method> <!-- setup -->
        <test-method signature="searchFor_fa()[pri:2, instance:TestCases.SearchResultsTest@2a65fe7c]" started-at="2023-02-06T23:38:05 EET" name="searchFor_fa" finished-at="2023-02-06T23:38:09 EET" duration-ms="4940" status="PASS">
          <reporter-output>
          </reporter-output>
        </test-method> <!-- searchFor_fa -->
        <test-method is-config="true" signature="closeDriver()[pri:0, instance:TestCases.SearchResultsTest@2a65fe7c]" started-at="2023-02-06T23:38:09 EET" name="closeDriver" finished-at="2023-02-06T23:38:11 EET" duration-ms="1193" status="PASS">
          <reporter-output>
          </reporter-output>
        </test-method> <!-- closeDriver -->
      </class> <!-- TestCases.SearchResultsTest -->
      <class name="TestCases.VerifyPriceTest">
        <test-method is-config="true" signature="setup()[pri:0, instance:TestCases.VerifyPriceTest@4135c3b]" started-at="2023-02-06T23:38:11 EET" name="setup" finished-at="2023-02-06T23:38:23 EET" duration-ms="11952" status="PASS">
          <reporter-output>
          </reporter-output>
        </test-method> <!-- setup -->
        <test-method signature="verifyTotalPrice()[pri:3, instance:TestCases.VerifyPriceTest@4135c3b]" started-at="2023-02-06T23:38:23 EET" name="verifyTotalPrice" finished-at="2023-02-06T23:38:31 EET" duration-ms="8465" status="PASS">
          <reporter-output>
          </reporter-output>
        </test-method> <!-- verifyTotalPrice -->
        <test-method is-config="true" signature="closeDriver()[pri:0, instance:TestCases.VerifyPriceTest@4135c3b]" started-at="2023-02-06T23:38:31 EET" name="closeDriver" finished-at="2023-02-06T23:38:32 EET" duration-ms="1212" status="PASS">
          <reporter-output>
          </reporter-output>
        </test-method> <!-- closeDriver -->
      </class> <!-- TestCases.VerifyPriceTest -->
    </test> <!-- Task Test -->
  </suite> <!-- Demo Test -->
</testng-results>
