<?xml version="1.0" encoding="UTF-8"?>
<!-- Generated by org.testng.reporters.JUnitXMLReporter -->
<testsuite ignored="4" hostname="FIS-802" failures="0" tests="3" name="Task Test" time="55.678" errors="0" timestamp="2023-02-06T23:38:32 EET">
  <testcase classname="TestCases.OpenBraceletsPageTest" name="braceletsPagIsOpened" time="3.498"/>
  <testcase classname="TestCases.SearchResultsTest" name="searchFor_fa" time="4.94"/>
  <testcase classname="TestCases.VerifyPriceTest" name="verifyTotalPrice" time="8.465"/>
  <testcase classname="TestCases.BaseTest" name="@BeforeSuite initialization" time="0.0">
    <ignored/>
  </testcase> <!-- @BeforeSuite initialization -->
  <testcase classname="TestCases.BaseTest" name="@BeforeSuite initialization" time="0.0">
    <ignored/>
  </testcase> <!-- @BeforeSuite initialization -->
  <testcase classname="TestCases.BaseTest" name="@AfterSuite teardown" time="0.0">
    <ignored/>
  </testcase> <!-- @AfterSuite teardown -->
  <testcase classname="TestCases.BaseTest" name="@AfterSuite teardown" time="0.0">
    <ignored/>
  </testcase> <!-- @AfterSuite teardown -->
</testsuite> <!-- Task Test -->
